<?xml version="1.0" encoding="UTF-8"?>
<testng-results ignored="0" total="1" passed="1" failed="0" skipped="0">
  <reporter-output>
  </reporter-output>
  <suite started-at="2025-12-07T13:14:33 GMT" name="Automation Suite" finished-at="2025-12-07T13:14:51 GMT" duration-ms="18294">
    <groups>
    </groups>
    <test started-at="2025-12-07T13:14:33 GMT" name="Sanity Test Cases" finished-at="2025-12-07T13:14:51 GMT" duration-ms="18294">
      <class name="com.vts.tests.E2EOrderFlowTest">
        <test-method is-config="true" signature="setUp()[pri:0, instance:com.vts.tests.E2EOrderFlowTest@4cc451f2]" started-at="2025-12-07T13:14:33 GMT" name="setUp" finished-at="2025-12-07T13:14:40 GMT" duration-ms="7120" status="PASS">
          <reporter-output>
          </reporter-output>
        </test-method> <!-- setUp -->
        <test-method signature="verifyUserCanCompleteEndToEndPurchaseFlow()[pri:0, instance:com.vts.tests.E2EOrderFlowTest@4cc451f2]" started-at="2025-12-07T13:14:40 GMT" name="verifyUserCanCompleteEndToEndPurchaseFlow" finished-at="2025-12-07T13:14:51 GMT" duration-ms="10567" status="PASS">
          <reporter-output>
          </reporter-output>
        </test-method> <!-- verifyUserCanCompleteEndToEndPurchaseFlow -->
        <test-method is-config="true" signature="tearDown()[pri:0, instance:com.vts.tests.E2EOrderFlowTest@4cc451f2]" started-at="2025-12-07T13:14:51 GMT" name="tearDown" finished-at="2025-12-07T13:14:51 GMT" duration-ms="424" status="PASS">
          <reporter-output>
          </reporter-output>
        </test-method> <!-- tearDown -->
      </class> <!-- com.vts.tests.E2EOrderFlowTest -->
    </test> <!-- Sanity Test Cases -->
  </suite> <!-- Automation Suite -->
</testng-results>
