<?xml version="1.0" encoding="UTF-8"?>
<testng-results ignored="0" total="1" passed="1" failed="0" skipped="0">
  <reporter-output>
  </reporter-output>
  <suite started-at="2025-12-07T12:44:29 GMT" name="Automation Suite" finished-at="2025-12-07T12:44:38 GMT" duration-ms="8784">
    <groups>
    </groups>
    <test started-at="2025-12-07T12:44:29 GMT" name="Sanity Test Cases" finished-at="2025-12-07T12:44:38 GMT" duration-ms="8784">
      <class name="com.vts.tests.E2EOrderFlowTest">
        <test-method is-config="true" signature="setUp()[pri:0, instance:com.vts.tests.E2EOrderFlowTest@43bc63a3]" started-at="2025-12-07T12:44:29 GMT" name="setUp" finished-at="2025-12-07T12:44:31 GMT" duration-ms="1789" status="PASS">
          <reporter-output>
          </reporter-output>
        </test-method> <!-- setUp -->
        <test-method signature="verifyUserCanCompleteEndToEndPurchaseFlow()[pri:0, instance:com.vts.tests.E2EOrderFlowTest@43bc63a3]" started-at="2025-12-07T12:44:31 GMT" name="verifyUserCanCompleteEndToEndPurchaseFlow" finished-at="2025-12-07T12:44:38 GMT" duration-ms="6437" status="PASS">
          <reporter-output>
          </reporter-output>
        </test-method> <!-- verifyUserCanCompleteEndToEndPurchaseFlow -->
        <test-method is-config="true" signature="tearDown()[pri:0, instance:com.vts.tests.E2EOrderFlowTest@43bc63a3]" started-at="2025-12-07T12:44:38 GMT" name="tearDown" finished-at="2025-12-07T12:44:38 GMT" duration-ms="494" status="PASS">
          <reporter-output>
          </reporter-output>
        </test-method> <!-- tearDown -->
      </class> <!-- com.vts.tests.E2EOrderFlowTest -->
    </test> <!-- Sanity Test Cases -->
  </suite> <!-- Automation Suite -->
</testng-results>
